# JRE version: OpenJDK Runtime Environment AdoptOpenJDK (15.0.2+7) (build 15.0.2+7)
# Java VM: OpenJDK 64-Bit Server VM AdoptOpenJDK (15.0.2+7, mixed mode, sharing, tiered, compressed oops, g1 gc, windows-amd64)
GC Precious Log:
 CPUs: 8 total, 8 available
 Memory: 8071M
 Large Page Support: Disabled
 NUMA Support: Disabled
 Compressed Oops: Enabled (32-bit)
 Heap Region Size: 1M
 Heap Min Capacity: 8M
 Heap Initial Capacity: 128M
 Heap Max Capacity: 2018M
 Pre-touch: Disabled
 Parallel Workers: 8
 Concurrent Workers: 2
 Concurrent Refinement Workers: 8
 Periodic GC: Disabled
Heap:
 garbage-first heap   total 1149952K, used 377554K [0x0000000081e00000, 0x0000000100000000)
  region size 1024K, 7 young (7168K), 7 survivors (7168K)
 Metaspace       used 26267K, capacity 26737K, committed 26800K, reserved 1073152K
  class space    used 3407K, capacity 3573K, committed 3584K, reserved 1048576K
GC Heap History (20 events):
Event: 5.308 GC heap after
{Heap after GC invocations=12 (full 0):
 garbage-first heap   total 106496K, used 75870K [0x0000000081e00000, 0x0000000100000000)
  region size 1024K, 2 young (2048K), 2 survivors (2048K)
 Metaspace       used 26267K, capacity 26737K, committed 26800K, reserved 1073152K
  class space    used 3407K, capacity 3573K, committed 3584K, reserved 1048576K
}
Event: 5.312 GC heap before
{Heap before GC invocations=12 (full 0):
 garbage-first heap   total 106496K, used 79966K [0x0000000081e00000, 0x0000000100000000)
  region size 1024K, 6 young (6144K), 2 survivors (2048K)
 Metaspace       used 26267K, capacity 26737K, committed 26800K, reserved 1073152K
  class space    used 3407K, capacity 3573K, committed 3584K, reserved 1048576K
}
Event: 5.333 GC heap after
{Heap after GC invocations=13 (full 0):
 garbage-first heap   total 106496K, used 80920K [0x0000000081e00000, 0x0000000100000000)
  region size 1024K, 1 young (1024K), 1 survivors (1024K)
 Metaspace       used 26267K, capacity 26737K, committed 26800K, reserved 1073152K
  class space    used 3407K, capacity 3573K, committed 3584K, reserved 1048576K
}
Event: 5.337 GC heap before
{Heap before GC invocations=13 (full 0):
 garbage-first heap   total 106496K, used 85016K [0x0000000081e00000, 0x0000000100000000)
  region size 1024K, 5 young (5120K), 1 survivors (1024K)
 Metaspace       used 26267K, capacity 26737K, committed 26800K, reserved 1073152K
  class space    used 3407K, capacity 3573K, committed 3584K, reserved 1048576K
}
Event: 5.356 GC heap after
{Heap after GC invocations=14 (full 0):
 garbage-first heap   total 175104K, used 85498K [0x0000000081e00000, 0x0000000100000000)
  region size 1024K, 1 young (1024K), 1 survivors (1024K)
 Metaspace       used 26267K, capacity 26737K, committed 26800K, reserved 1073152K
  class space    used 3407K, capacity 3573K, committed 3584K, reserved 1048576K
}
Event: 5.378 GC heap before
{Heap before GC invocations=14 (full 0):
 garbage-first heap   total 179200K, used 108026K [0x0000000081e00000, 0x0000000100000000)
  region size 1024K, 23 young (23552K), 1 survivors (1024K)
 Metaspace       used 26267K, capacity 26737K, committed 26800K, reserved 1073152K
  class space    used 3407K, capacity 3573K, committed 3584K, reserved 1048576K
}
Event: 5.467 GC heap after
{Heap after GC invocations=15 (full 0):
 garbage-first heap   total 179200K, used 108409K [0x0000000081e00000, 0x0000000100000000)
  region size 1024K, 3 young (3072K), 3 survivors (3072K)
 Metaspace       used 26267K, capacity 26737K, committed 26800K, reserved 1073152K
  class space    used 3407K, capacity 3573K, committed 3584K, reserved 1048576K
}
Event: 5.473 GC heap before
{Heap before GC invocations=15 (full 0):
 garbage-first heap   total 179200K, used 123769K [0x0000000081e00000, 0x0000000100000000)
  region size 1024K, 18 young (18432K), 3 survivors (3072K)
 Metaspace       used 26267K, capacity 26737K, committed 26800K, reserved 1073152K
  class space    used 3407K, capacity 3573K, committed 3584K, reserved 1048576K
}
Event: 5.536 GC heap after
{Heap after GC invocations=16 (full 0):
 garbage-first heap   total 179200K, used 125138K [0x0000000081e00000, 0x0000000100000000)
  region size 1024K, 3 young (3072K), 3 survivors (3072K)
 Metaspace       used 26267K, capacity 26737K, committed 26800K, reserved 1073152K
  class space    used 3407K, capacity 3573K, committed 3584K, reserved 1048576K
}
Event: 5.540 GC heap before
{Heap before GC invocations=16 (full 0):
 garbage-first heap   total 179200K, used 134354K [0x0000000081e00000, 0x0000000100000000)
  region size 1024K, 12 young (12288K), 3 survivors (3072K)
 Metaspace       used 26267K, capacity 26737K, committed 26800K, reserved 1073152K
  class space    used 3407K, capacity 3573K, committed 3584K, reserved 1048576K
}
Event: 5.584 GC heap after
{Heap after GC invocations=17 (full 0):
 garbage-first heap   total 179200K, used 135768K [0x0000000081e00000, 0x0000000100000000)
  region size 1024K, 2 young (2048K), 2 survivors (2048K)
 Metaspace       used 26267K, capacity 26737K, committed 26800K, reserved 1073152K
  class space    used 3407K, capacity 3573K, committed 3584K, reserved 1048576K
}
Event: 5.587 GC heap before
{Heap before GC invocations=17 (full 0):
 garbage-first heap   total 179200K, used 141912K [0x0000000081e00000, 0x0000000100000000)
  region size 1024K, 8 young (8192K), 2 survivors (2048K)
 Metaspace       used 26267K, capacity 26737K, committed 26800K, reserved 1073152K
  class space    used 3407K, capacity 3573K, committed 3584K, reserved 1048576K
}
Event: 5.620 GC heap after
{Heap after GC invocations=18 (full 0):
 garbage-first heap   total 537600K, used 143124K [0x0000000081e00000, 0x0000000100000000)
  region size 1024K, 1 young (1024K), 1 survivors (1024K)
 Metaspace       used 26267K, capacity 26737K, committed 26800K, reserved 1073152K
  class space    used 3407K, capacity 3573K, committed 3584K, reserved 1048576K
}
Event: 5.681 GC heap before
{Heap before GC invocations=19 (full 0):
 garbage-first heap   total 537600K, used 222996K [0x0000000081e00000, 0x0000000100000000)
  region size 1024K, 79 young (80896K), 1 survivors (1024K)
 Metaspace       used 26267K, capacity 26737K, committed 26800K, reserved 1073152K
  class space    used 3407K, capacity 3573K, committed 3584K, reserved 1048576K
}
Event: 5.984 GC heap after
{Heap after GC invocations=20 (full 0):
 garbage-first heap   total 537600K, used 223648K [0x0000000081e00000, 0x0000000100000000)
  region size 1024K, 10 young (10240K), 10 survivors (10240K)
 Metaspace       used 26267K, capacity 26737K, committed 26800K, reserved 1073152K
  class space    used 3407K, capacity 3573K, committed 3584K, reserved 1048576K
}
Event: 6.003 GC heap before
{Heap before GC invocations=20 (full 0):
 garbage-first heap   total 537600K, used 274848K [0x0000000081e00000, 0x0000000100000000)
  region size 1024K, 60 young (61440K), 10 survivors (10240K)
 Metaspace       used 26267K, capacity 26737K, committed 26800K, reserved 1073152K
  class space    used 3407K, capacity 3573K, committed 3584K, reserved 1048576K
}
Event: 6.213 GC heap after
{Heap after GC invocations=21 (full 0):
 garbage-first heap   total 537600K, used 276178K [0x0000000081e00000, 0x0000000100000000)
  region size 1024K, 8 young (8192K), 8 survivors (8192K)
 Metaspace       used 26267K, capacity 26737K, committed 26800K, reserved 1073152K
  class space    used 3407K, capacity 3573K, committed 3584K, reserved 1048576K
}
Event: 6.232 GC heap before
{Heap before GC invocations=21 (full 0):
 garbage-first heap   total 537600K, used 326354K [0x0000000081e00000, 0x0000000100000000)
  region size 1024K, 57 young (58368K), 8 survivors (8192K)
 Metaspace       used 26267K, capacity 26737K, committed 26800K, reserved 1073152K
  class space    used 3407K, capacity 3573K, committed 3584K, reserved 1048576K
}
Event: 6.447 GC heap after
{Heap after GC invocations=22 (full 0):
 garbage-first heap   total 537600K, used 328402K [0x0000000081e00000, 0x0000000100000000)
  region size 1024K, 8 young (8192K), 8 survivors (8192K)
 Metaspace       used 26267K, capacity 26737K, committed 26800K, reserved 1073152K
  class space    used 3407K, capacity 3573K, committed 3584K, reserved 1048576K
}
Event: 6.483 GC heap before
{Heap before GC invocations=22 (full 0):
 garbage-first heap   total 537600K, used 375506K [0x0000000081e00000, 0x0000000100000000)
  region size 1024K, 54 young (55296K), 8 survivors (8192K)
 Metaspace       used 26267K, capacity 26737K, committed 26800K, reserved 1073152K
  class space    used 3407K, capacity 3573K, committed 3584K, reserved 1048576K
}

